This is pdfTeXk, Version 3.1415926-1.40.9 (Web2C 7.5.7) (format=pdflatex 2008.12.28)  24 JAN 2011 20:17
entering extended mode
 %&-line parsing enabled.
**old
(./old.tex
LaTeX2e <2005/12/01>
Babel <v3.8l> and hyphenation patterns for english, usenglishmax, dumylang, noh
yphenation, german-x-2008-06-18, ngerman-x-2008-06-18, ancientgreek, ibycus, ar
abic, basque, bulgarian, catalan, pinyin, coptic, croatian, czech, danish, dutc
h, esperanto, estonian, farsi, finnish, french, galician, german, ngerman, mono
greek, greek, hungarian, icelandic, indonesian, interlingua, irish, italian, la
tin, lithuanian, mongolian, mongolian2a, bokmal, nynorsk, polish, portuguese, r
omanian, russian, sanskrit, serbian, slovak, slovenian, spanish, swedish, turki
sh, ukenglish, ukrainian, uppersorbian, welsh, loaded.
(/usr/local/texlive/2008/texmf-dist/tex/latex/base/article.cls
Document Class: article 2005/09/16 v1.4f Standard LaTeX document class
(/usr/local/texlive/2008/texmf-dist/tex/latex/base/size10.clo
File: size10.clo 2005/09/16 v1.4f Standard LaTeX file (size option)
)
\c@part=\count79
\c@section=\count80
\c@subsection=\count81
\c@subsubsection=\count82
\c@paragraph=\count83
\c@subparagraph=\count84
\c@figure=\count85
\c@table=\count86
\abovecaptionskip=\skip41
\belowcaptionskip=\skip42
\bibindent=\dimen102
) (./acl2010.sty
Conference Style for ACL 2005 -- released Octobe 11, 2004
\titlebox=\skip43
) (/usr/local/texlive/2008/texmf-dist/tex/latex/psnfss/times.sty
Package: times 2005/04/12 PSNFSS-v9.2a (SPQR) 
)
(/usr/local/texlive/2008/texmf-dist/tex/latex/base/latexsym.sty
Package: latexsym 1998/08/17 v2.2e Standard LaTeX package (lasy symbols)
\symlasy=\mathgroup4
LaTeX Font Info:    Overwriting symbol font `lasy' in version `bold'
(Font)                  U/lasy/m/n --> U/lasy/b/n on input line 47.
)
(/usr/local/texlive/2008/texmf-dist/tex/latex/graphics/color.sty
Package: color 2005/11/14 v1.0j Standard LaTeX Color (DPC)

(/usr/local/texlive/2008/texmf/tex/latex/config/color.cfg
File: color.cfg 2007/01/18 v1.5 color configuration of teTeX/TeXLive
)
Package color Info: Driver file: pdftex.def on input line 130.

(/usr/local/texlive/2008/texmf-dist/tex/latex/pdftex-def/pdftex.def
File: pdftex.def 2008/09/08 v0.04l Graphics/color for pdfTeX
\Gread@gobject=\count87
))
(/usr/local/texlive/2008/texmf-dist/tex/latex/amsmath/amsmath.sty
Package: amsmath 2000/07/18 v2.13 AMS math features
\@mathmargin=\skip44

For additional information on amsmath, use the `?' option.
(/usr/local/texlive/2008/texmf-dist/tex/latex/amsmath/amstext.sty
Package: amstext 2000/06/29 v2.01

(/usr/local/texlive/2008/texmf-dist/tex/latex/amsmath/amsgen.sty
File: amsgen.sty 1999/11/30 v2.0
\@emptytoks=\toks14
\ex@=\dimen103
))
(/usr/local/texlive/2008/texmf-dist/tex/latex/amsmath/amsbsy.sty
Package: amsbsy 1999/11/29 v1.2d
\pmbraise@=\dimen104
)
(/usr/local/texlive/2008/texmf-dist/tex/latex/amsmath/amsopn.sty
Package: amsopn 1999/12/14 v2.01 operator names
)
\inf@bad=\count88
LaTeX Info: Redefining \frac on input line 211.
\uproot@=\count89
\leftroot@=\count90
LaTeX Info: Redefining \overline on input line 307.
\classnum@=\count91
\DOTSCASE@=\count92
LaTeX Info: Redefining \ldots on input line 379.
LaTeX Info: Redefining \dots on input line 382.
LaTeX Info: Redefining \cdots on input line 467.
\Mathstrutbox@=\box26
\strutbox@=\box27
\big@size=\dimen105
LaTeX Font Info:    Redeclaring font encoding OML on input line 567.
LaTeX Font Info:    Redeclaring font encoding OMS on input line 568.
\macc@depth=\count93
\c@MaxMatrixCols=\count94
\dotsspace@=\muskip10
\c@parentequation=\count95
\dspbrk@lvl=\count96
\tag@help=\toks15
\row@=\count97
\column@=\count98
\maxfields@=\count99
\andhelp@=\toks16
\eqnshift@=\dimen106
\alignsep@=\dimen107
\tagshift@=\dimen108
\tagwidth@=\dimen109
\totwidth@=\dimen110
\lineht@=\dimen111
\@envbody=\toks17
\multlinegap=\skip45
\multlinetaggap=\skip46
\mathdisplay@stack=\toks18
LaTeX Info: Redefining \[ on input line 2666.
LaTeX Info: Redefining \] on input line 2667.
)
(/usr/local/texlive/2008/texmf-dist/tex/latex/amsfonts/amssymb.sty
Package: amssymb 2002/01/22 v2.2d

(/usr/local/texlive/2008/texmf-dist/tex/latex/amsfonts/amsfonts.sty
Package: amsfonts 2001/10/25 v2.2f
\symAMSa=\mathgroup5
\symAMSb=\mathgroup6
LaTeX Font Info:    Overwriting math alphabet `\mathfrak' in version `bold'
(Font)                  U/euf/m/n --> U/euf/b/n on input line 132.
))
(/usr/local/texlive/2008/texmf-dist/tex/latex/graphics/graphicx.sty
Package: graphicx 1999/02/16 v1.0f Enhanced LaTeX Graphics (DPC,SPQR)

(/usr/local/texlive/2008/texmf-dist/tex/latex/graphics/keyval.sty
Package: keyval 1999/03/16 v1.13 key=value parser (DPC)
\KV@toks@=\toks19
)
(/usr/local/texlive/2008/texmf-dist/tex/latex/graphics/graphics.sty
Package: graphics 2006/02/20 v1.0o Standard LaTeX Graphics (DPC,SPQR)

(/usr/local/texlive/2008/texmf-dist/tex/latex/graphics/trig.sty
Package: trig 1999/03/16 v1.09 sin cos tan (DPC)
)
(/usr/local/texlive/2008/texmf/tex/latex/config/graphics.cfg
File: graphics.cfg 2007/01/18 v1.5 graphics configuration of teTeX/TeXLive
)
Package graphics Info: Driver file: pdftex.def on input line 90.
)
\Gin@req@height=\dimen112
\Gin@req@width=\dimen113
)
(/usr/local/texlive/2008/texmf-dist/tex/latex/multirow/multirow.sty
\bigstrutjot=\dimen114
)
(/usr/local/texlive/2008/texmf-dist/tex/latex/rotating/rotating.sty
Package: rotating 2008/10/05 v2.15c rotated objects in LaTeX

(/usr/local/texlive/2008/texmf-dist/tex/latex/base/ifthen.sty
Package: ifthen 2001/05/26 v1.1c Standard LaTeX ifthen package (DPC)
)
\c@r@tfl@t=\count100
\rotFPtop=\skip47
\rotFPbot=\skip48
\rot@float@box=\box28
\rot@mess@toks=\toks20
)
(/usr/local/texlive/2008/texmf-dist/tex/latex/stmaryrd/stmaryrd.sty
Package: stmaryrd 1994/03/03 St Mary's Road symbol package
\symstmry=\mathgroup7
LaTeX Font Info:    Overwriting symbol font `stmry' in version `bold'
(Font)                  U/stmry/m/n --> U/stmry/b/n on input line 89.
)
(./std-macros.tex
\c@definition=\count101
\c@assumption=\count102
\c@proposition=\count103
\c@theorem=\count104
\c@lemma=\count105
\c@corollary=\count106
)

LaTeX Warning: Unused global option(s):
    [letter].

No file old.aux.
\openout1 = `old.aux'.

LaTeX Font Info:    Checking defaults for OML/cmm/m/it on input line 14.
LaTeX Font Info:    ... okay on input line 14.
LaTeX Font Info:    Checking defaults for T1/cmr/m/n on input line 14.
LaTeX Font Info:    ... okay on input line 14.
LaTeX Font Info:    Checking defaults for OT1/cmr/m/n on input line 14.
LaTeX Font Info:    ... okay on input line 14.
LaTeX Font Info:    Checking defaults for OMS/cmsy/m/n on input line 14.
LaTeX Font Info:    ... okay on input line 14.
LaTeX Font Info:    Checking defaults for OMX/cmex/m/n on input line 14.
LaTeX Font Info:    ... okay on input line 14.
LaTeX Font Info:    Checking defaults for U/cmr/m/n on input line 14.
LaTeX Font Info:    ... okay on input line 14.
LaTeX Font Info:    Try loading font information for OT1+ptm on input line 14.
(/usr/local/texlive/2008/texmf-dist/tex/latex/psnfss/ot1ptm.fd
File: ot1ptm.fd 2001/06/04 font definitions for OT1/ptm.
)
(/usr/local/texlive/2008/texmf-dist/tex/context/base/supp-pdf.tex
[Loading MPS to PDF converter (version 2006.09.02).]
\scratchcounter=\count107
\scratchdimen=\dimen115
\scratchbox=\box29
\nofMPsegments=\count108
\nofMParguments=\count109
\everyMPshowfont=\toks21
\MPscratchCnt=\count110
\MPscratchDim=\dimen116
\MPnumerator=\count111
\everyMPtoPDFconversion=\toks22
)
LaTeX Font Info:    Font shape `OT1/ptm/bx/n' in size <14.4> not available
(Font)              Font shape `OT1/ptm/b/n' tried instead on input line 16.
LaTeX Font Info:    Try loading font information for U+lasy on input line 16.
 (/usr/local/texlive/2008/texmf-dist/tex/latex/base/ulasy.fd
File: ulasy.fd 1998/08/17 v2.2e LaTeX symbol font definitions
)
LaTeX Font Info:    Try loading font information for U+msa on input line 16.

(/usr/local/texlive/2008/texmf-dist/tex/latex/amsfonts/umsa.fd
File: umsa.fd 2002/01/19 v2.2g AMS font definitions
)
LaTeX Font Info:    Try loading font information for U+msb on input line 16.

(/usr/local/texlive/2008/texmf-dist/tex/latex/amsfonts/umsb.fd
File: umsb.fd 2002/01/19 v2.2g AMS font definitions
)
LaTeX Font Info:    Try loading font information for U+stmry on input line 16.

(/usr/local/texlive/2008/texmf-dist/tex/latex/stmaryrd/Ustmry.fd)
LaTeX Font Info:    Font shape `OT1/ptm/bx/n' in size <12> not available
(Font)              Font shape `OT1/ptm/b/n' tried instead on input line 16.
LaTeX Font Info:    Font shape `OT1/ptm/bx/n' in size <10> not available
(Font)              Font shape `OT1/ptm/b/n' tried instead on input line 25.


LaTeX Warning: Citation `2006kim-helpfulness' on page 1 undefined on input line
 25.


LaTeX Warning: Citation `2007ghose-helpfulness' on page 1 undefined on input li
ne 58.


Underfull \hbox (badness 1005) in paragraph at lines 64--70
[]\OT1/ptm/m/n/10 The task of as-sess-ing re-view help-ful-ness is ap-
 []


LaTeX Warning: Citation `2006kim-helpfulness' on page 1 undefined on input line
 74.


LaTeX Warning: Citation `2006kim-helpfulness' on page 1 undefined on input line
 81.


LaTeX Warning: Citation `2007liu-helpfulness' on page 1 undefined on input line
 82.


LaTeX Warning: Citation `2008titov-summarization' on page 1 undefined on input 
line 83.


LaTeX Warning: Citation `2006kim-helpfulness' on page 1 undefined on input line
 87.


LaTeX Warning: Reference `sec:features' on page 1 undefined on input line 111.


LaTeX Warning: Citation `2007liu-helpfulness' on page 1 undefined on input line
 114.

[1{/usr/local/texlive/2008/texmf-var/fonts/map/pdftex/updmap/pdftex.map}



]

LaTeX Warning: Citation `2007ghose-helpfulness' on page 2 undefined on input li
ne 134.


LaTeX Warning: Citation `2008liu-helpfulness' on page 2 undefined on input line
 134.


LaTeX Warning: Citation `2008titov-summarization' on page 2 undefined on input 
line 135.


LaTeX Warning: Reference `sec:data' on page 2 undefined on input line 147.


LaTeX Warning: Reference `sec:training' on page 2 undefined on input line 148.


LaTeX Warning: Reference `sec:features' on page 2 undefined on input line 150.

LaTeX Font Info:    Try loading font information for OT1+pcr on input line 154.

(/usr/local/texlive/2008/texmf-dist/tex/latex/psnfss/ot1pcr.fd
File: ot1pcr.fd 2001/06/04 font definitions for OT1/pcr.
)

LaTeX Warning: Reference `fig:sampleReview' on page 2 undefined on input line 1
80.

<fig/exReview.pdf, id=13, 1113.95874pt x 513.58173pt>
File: fig/exReview.pdf Graphic file (type pdf)
 <use fig/exReview.pdf>

LaTeX Warning: Reference `lexical' on page 2 undefined on input line 198.


LaTeX Warning: Reference `topics' on page 2 undefined on input line 221.

LaTeX Font Info:    Try loading font information for OMS+ptm on input line 252.

(/usr/local/texlive/2008/texmf-dist/tex/latex/psnfss/omsptm.fd
File: omsptm.fd 
)
LaTeX Font Info:    Font shape `OMS/ptm/m/n' in size <10> not available
(Font)              Font shape `OMS/cmsy/m/n' tried instead on input line 252.
 [2]

LaTeX Warning: Reference `sec:averating' on page 3 undefined on input line 267.



LaTeX Warning: Citation `2006kim-helpfulness' on page 3 undefined on input line
 270.


LaTeX Warning: Citation `2007liu-helpfulness' on page 3 undefined on input line
 271.


LaTeX Warning: Citation `2008liu-helpfulness' on page 3 undefined on input line
 272.


Underfull \hbox (badness 4229) in paragraph at lines 275--281
 \OT1/ptm/b/n/10 Struc-tural Fea-tures \OT1/ptm/m/n/10 Fea-tures over the re-vi
ew's
 []


Underfull \hbox (badness 1275) in paragraph at lines 275--281
\OT1/ptm/m/n/10 struc-ture, for-mat-ting, and length. These fea-tures
 []


Underfull \hbox (badness 2626) in paragraph at lines 275--281
\OT1/ptm/m/n/10 ber of sen-tences (\OT1/pcr/m/n/10 SENcount\OT1/ptm/m/n/10 ), t
he av-er-age sen-
 []


Underfull \hbox (badness 1226) in paragraph at lines 275--281
\OT1/ptm/m/n/10 tence length (\OT1/pcr/m/n/10 SENavelen\OT1/ptm/m/n/10 ), as we
ll as the num-
 []


LaTeX Warning: Citation `2006kim-helpfulness' on page 3 undefined on input line
 285.


LaTeX Warning: Citation `2006kim-helpfulness' on page 3 undefined on input line
 292.


LaTeX Warning: Citation `2007liu-helpfulness' on page 3 undefined on input line
 301.


LaTeX Warning: Citation `2006kim-helpfulness' on page 3 undefined on input line
 307.


Overfull \hbox (11.69377pt too wide) in paragraph at lines 307--317
\OT1/pcr/m/n/10 http://www.filmsite.org/filmterms.html\OT1/ptm/m/n/10 ;
 []


Underfull \hbox (badness 2293) in paragraph at lines 318--329
[]\OT1/ptm/m/n/10 Furthermore, fea-tures were ex-tracted over sen-
 []


Underfull \hbox (badness 2503) in paragraph at lines 318--329
\OT1/ptm/m/n/10 ti-ment words at-tached to these \OT1/ptm/m/it/10 Prod-uct Fea-
tures
 []

[3 <./fig/exReview.pdf>]

LaTeX Warning: Reference `tab:sentiments' on page 4 undefined on input line 346
.


LaTeX Warning: Citation `2007liu-helpfulness' on page 4 undefined on input line
 396.


LaTeX Warning: Reference `sec:lda' on page 4 undefined on input line 414.


Underfull \hbox (badness 4316) in paragraph at lines 422--426
[]\OT1/ptm/m/n/10 We de-scribe this phe-nomenon with a fea-ture
 []


LaTeX Warning: Reference `fig:graphOtherReview' on page 4 undefined on input li
ne 428.

<fig/plot/helpfulGivenOtherReviewsAve.png, id=42, 642.4pt x 481.8pt>
File: fig/plot/helpfulGivenOtherReviewsAve.png Graphic file (type png)

<use fig/plot/helpfulGivenOtherReviewsAve.png>
Underfull \hbox (badness 1275) in paragraph at lines 445--445
\OT1/ptm/m/n/10 ful-ness of other re-views in the same movie, and
 []


Underfull \hbox (badness 2057) in paragraph at lines 445--445
\OT1/ptm/m/n/10 graph, a movie with three re-views rated at 0.0,
 []


LaTeX Warning: Reference `sec:features' on page 4 undefined on input line 452.


LaTeX Warning: Citation `2006kim-helpfulness' on page 4 undefined on input line
 457.


LaTeX Warning: Reference `sec:averating' on page 4 undefined on input line 468.


[4]
Underfull \hbox (badness 4954) in paragraph at lines 469--471
[]\OT1/pcr/m/n/10 ALL \OT1/ptm/m/n/10 de-notes the com-plete set of fea-tures.
 []


Underfull \hbox (badness 10000) in paragraph at lines 469--471
\OT1/ptm/m/n/10 That is, \OT1/pcr/m/n/10 KIM+TIME+SEM \OT1/ptm/m/n/10 in ad-di-
tion to
 []


LaTeX Warning: Reference `tab:results' on page 5 undefined on input line 483.


LaTeX Warning: Reference `fig:result' on page 5 undefined on input line 484.


LaTeX Warning: Reference `fig:plotResult' on page 5 undefined on input line 488
.

<fig/results.pdf, id=46, 664.80371pt x 349.35019pt>
File: fig/results.pdf Graphic file (type pdf)
 <use fig/results.pdf>

LaTeX Warning: Reference `sec:featureSets' on page 5 undefined on input line 49
7.


LaTeX Warning: Reference `sec:featureSets' on page 5 undefined on input line 49
7.


Overfull \hbox (11.37236pt too wide) in paragraph at lines 512--515
 [] 
 []


LaTeX Warning: Reference `sec:featureSets' on page 5 undefined on input line 51
5.


LaTeX Warning: Reference `sec:featureSets' on page 5 undefined on input line 51
5.

<fig/plot/results.png, id=47, 642.4pt x 481.8pt>
File: fig/plot/results.png Graphic file (type png)
 <use fig/plot/results.png>

LaTeX Warning: Citation `2006kim-helpfulness' on page 5 undefined on input line
 530.


LaTeX Warning: Citation `2006kim-helpfulness' on page 5 undefined on input line
 542.


LaTeX Warning: Reference `fig:plotCaps' on page 5 undefined on input line 592.

[5 <./fig/plot/helpfulGivenOtherReviewsAve.png (PNG copy)>]
<fig/plot/helpfulGivenCapsAve.png, id=53, 642.4pt x 481.8pt>
File: fig/plot/helpfulGivenCapsAve.png Graphic file (type png)

<use fig/plot/helpfulGivenCapsAve.png>

LaTeX Warning: Citation `2007liu-helpfulness' on page 6 undefined on input line
 609.


LaTeX Warning: Reference `fig:plotTime' on page 6 undefined on input line 610.

<fig/plot/helpfulGivenReviewPostTimeAve.png, id=54, 642.4pt x 481.8pt>
File: fig/plot/helpfulGivenReviewPostTimeAve.png Graphic file (type png)

<use fig/plot/helpfulGivenReviewPostTimeAve.png>

LaTeX Warning: Reference `fig:plotNewWords' on page 6 undefined on input line 6
28.

<fig/plot/helpfulGivenNewWordsAve.png, id=55, 642.4pt x 481.8pt>
File: fig/plot/helpfulGivenNewWordsAve.png Graphic file (type png)

<use fig/plot/helpfulGivenNewWordsAve.png> [6 <./fig/results.pdf> <./fig/plot/h
elpfulGivenCapsAve.png (PNG copy)> <./fig/plot/helpfulGivenReviewPostTimeAve.pn
g (PNG copy)>]

LaTeX Warning: Reference `fig:plotHu' on page 7 undefined on input line 666.


LaTeX Warning: File `fig/plot/sentiment/helpfulGivenSentiment_HUAve.png' not fo
und on input line 677.


! Package pdftex.def Error: File `fig/plot/sentiment/helpfulGivenSentiment_HUAv
e.png' not found.

See the pdftex.def package documentation for explanation.
Type  H <return>  for immediate help.
 ...                                              
                                                  
l.677 }
       
? a
Type <return> to proceed, S to scroll future error messages,
R to run without stopping, Q to run quietly,
I to insert something, E to edit your file,
1 or ... or 9 to ignore the next 1 to 9 tokens of input,
H for help, X to quit.
? x
 
Here is how much of TeX's memory you used:
 2575 strings out of 493876
 30921 string characters out of 1150567
 89287 words of memory out of 3000000
 5785 multiletter control sequences out of 10000+50000
 21529 words of font info for 66 fonts, out of 3000000 for 5000
 714 hyphenation exceptions out of 8191
 27i,10n,24p,216b,255s stack positions out of 5000i,500n,10000p,200000b,50000s
{/usr/local/texlive/2008/texmf-dist/fonts/enc/dvips/base/8r.enc}</usr/local/tex
live/2008/texmf-dist/fonts/type1/bluesky/cm/cmmi10.pfb></usr/local/texlive/2008
/texmf-dist/fonts/type1/bluesky/cm/cmmi7.pfb></usr/local/texlive/2008/texmf-dis
t/fonts/type1/bluesky/cm/cmr10.pfb></usr/local/texlive/2008/texmf-dist/fonts/ty
pe1/bluesky/cm/cmr7.pfb></usr/local/texlive/2008/texmf-dist/fonts/type1/bluesky
/cm/cmsy10.pfb></usr/local/texlive/2008/texmf-dist/fonts/type1/bluesky/cm/cmsy7
.pfb></usr/local/texlive/2008/texmf-dist/fonts/type1/urw/courier/ucrr8a.pfb></u
sr/local/texlive/2008/texmf-dist/fonts/type1/urw/times/utmb8a.pfb></usr/local/t
exlive/2008/texmf-dist/fonts/type1/urw/times/utmr8a.pfb></usr/local/texlive/200
8/texmf-dist/fonts/type1/urw/times/utmri8a.pfb>
Output written on old.pdf (6 pages, 239409 bytes).
PDF statistics:
 114 PDF objects out of 1000 (max. 8388607)
 0 named destinations out of 1000 (max. 131072)
 36 words of extra memory for PDF output out of 10000 (max. 10000000)

