This is pdfTeXk, Version 3.1415926-1.40.9 (Web2C 7.5.7) (format=latex 2008.12.28)  24 JAN 2011 20:17
entering extended mode
 %&-line parsing enabled.
**proposal
(./proposal.tex
LaTeX2e <2005/12/01>
Babel <v3.8l> and hyphenation patterns for english, usenglishmax, dumylang, noh
yphenation, german-x-2008-06-18, ngerman-x-2008-06-18, ancientgreek, ibycus, ar
abic, basque, bulgarian, catalan, pinyin, coptic, croatian, czech, danish, dutc
h, esperanto, estonian, farsi, finnish, french, galician, german, ngerman, mono
greek, greek, hungarian, icelandic, indonesian, interlingua, irish, italian, la
tin, lithuanian, mongolian, mongolian2a, bokmal, nynorsk, polish, portuguese, r
omanian, russian, sanskrit, serbian, slovak, slovenian, spanish, swedish, turki
sh, ukenglish, ukrainian, uppersorbian, welsh, loaded.
(/usr/local/texlive/2008/texmf-dist/tex/latex/base/article.cls
Document Class: article 2005/09/16 v1.4f Standard LaTeX document class
(/usr/local/texlive/2008/texmf-dist/tex/latex/base/size12.clo
File: size12.clo 2005/09/16 v1.4f Standard LaTeX file (size option)
)
\c@part=\count79
\c@section=\count80
\c@subsection=\count81
\c@subsubsection=\count82
\c@paragraph=\count83
\c@subparagraph=\count84
\c@figure=\count85
\c@table=\count86
\abovecaptionskip=\skip41
\belowcaptionskip=\skip42
\bibindent=\dimen102
) (./acl2010.sty
Conference Style for ACL 2005 -- released Octobe 11, 2004
\titlebox=\skip43
) (./proposal.aux)
\openout1 = `proposal.aux'.

LaTeX Font Info:    Checking defaults for OML/cmm/m/it on input line 7.
LaTeX Font Info:    ... okay on input line 7.
LaTeX Font Info:    Checking defaults for T1/cmr/m/n on input line 7.
LaTeX Font Info:    ... okay on input line 7.
LaTeX Font Info:    Checking defaults for OT1/cmr/m/n on input line 7.
LaTeX Font Info:    ... okay on input line 7.
LaTeX Font Info:    Checking defaults for OMS/cmsy/m/n on input line 7.
LaTeX Font Info:    ... okay on input line 7.
LaTeX Font Info:    Checking defaults for OMX/cmex/m/n on input line 7.
LaTeX Font Info:    ... okay on input line 7.
LaTeX Font Info:    Checking defaults for U/cmr/m/n on input line 7.
LaTeX Font Info:    ... okay on input line 7.
LaTeX Font Info:    External font `cmex10' loaded for size
(Font)              <12> on input line 9.
LaTeX Font Info:    External font `cmex10' loaded for size
(Font)              <8> on input line 9.
LaTeX Font Info:    External font `cmex10' loaded for size
(Font)              <6> on input line 9.

Underfull \hbox (badness 5008) in paragraph at lines 39--44
\OT1/cmr/m/n/12 This was done by min-ing ref-er-ences
 []


Underfull \hbox (badness 6641) in paragraph at lines 54--56
\OT1/cmr/m/it/12 Gen-eral In-quirer \OT1/cmr/m/n/12 sen-ti-ment words
 []


Underfull \hbox (badness 6493) in paragraph at lines 56--57
[]\OT1/cmr/bx/n/12 Meta Info\OT1/cmr/m/n/12 : star rat-ing (av-er-
 []


Underfull \hbox (badness 1558) in paragraph at lines 59--66
\OT1/cmr/m/n/12 man cor-re-la-tion co-ef-fi-cient. The best
 []


Underfull \hbox (badness 4001) in paragraph at lines 59--66
\OT1/cmr/m/n/12 re-sults came from the three fea-tures
 []

[1



]
Underfull \hbox (badness 1742) in paragraph at lines 86--93
\OT1/cmr/m/n/12 -- coined as a Multi-Aspect Sen-ti-ment
 []

(./proposal.bbl) [2] (./proposal.aux) ) 
Here is how much of TeX's memory you used:
 264 strings out of 493877
 2814 string characters out of 1150590
 53901 words of memory out of 3000000
 3606 multiletter control sequences out of 10000+50000
 8150 words of font info for 29 fonts, out of 3000000 for 5000
 714 hyphenation exceptions out of 8191
 22i,9n,20p,149b,207s stack positions out of 5000i,500n,10000p,200000b,50000s

Output written on proposal.dvi (2 pages, 8668 bytes).
